<?xml version="1.0" encoding="UTF-8"?>
<testsuite name="Student registration form" tests="1" skipped="0" failures="1" errors="0" timestamp="2022-05-25T17:15:47" hostname="QV-3554" time="0.573">
  <properties/>
  <testcase name="Registration succes" classname="Student registration form" time="0.573">
    <failure message="io.cucumber.junit.UndefinedStepException: The step 'I want to get an account in demo qa' and 2 other step(s) are undefined.&#10;You can implement these steps using the snippet(s) below:&#10;&#10;@Given(&quot;I want to get an account in demo qa&quot;)&#10;public void iWantToGetAnAccountInDemoQa() {&#10;    // Write code here that turns the phrase above into concrete actions&#10;    throw new io.cucumber.java.PendingException();&#10;}&#10;@When(&quot;i type my personal information&quot;)&#10;public void iTypeMyPersonalInformation() {&#10;    // Write code here that turns the phrase above into concrete actions&#10;    throw new io.cucumber.java.PendingException();&#10;}&#10;@Then(&quot;i should get an account&quot;)&#10;public void iShouldGetAnAccount() {&#10;    // Write code here that turns the phrase above into concrete actions&#10;    throw new io.cucumber.java.PendingException();&#10;}&#10;" type="io.cucumber.junit.UndefinedStepException">io.cucumber.junit.UndefinedStepException: The step 'I want to get an account in demo qa' and 2 other step(s) are undefined.
You can implement these steps using the snippet(s) below:

@Given(&quot;I want to get an account in demo qa&quot;)
public void iWantToGetAnAccountInDemoQa() {
    // Write code here that turns the phrase above into concrete actions
    throw new io.cucumber.java.PendingException();
}
@When(&quot;i type my personal information&quot;)
public void iTypeMyPersonalInformation() {
    // Write code here that turns the phrase above into concrete actions
    throw new io.cucumber.java.PendingException();
}
@Then(&quot;i should get an account&quot;)
public void iShouldGetAnAccount() {
    // Write code here that turns the phrase above into concrete actions
    throw new io.cucumber.java.PendingException();
}

</failure>
  </testcase>
  <system-out><![CDATA[]]></system-out>
  <system-err><![CDATA[[Test worker] INFO io.cucumber.core.plugin.SerenityReporter - Running feature from file:///C:/Users/QVUser/Documents/Projects/demo%20QA/demo-QA/src/test/resources/features/DemoQa_Student_Registration.feature
[Test worker] INFO  - 
  _____   ___   ___   _____     ___   _____     _     ___   _____   ___   ___  
 |_   _| | __| / __| |_   _|   / __| |_   _|   /_\   | _ \ |_   _| | __| |   \ 
   | |   | _|  \__ \   | |     \__ \   | |    / _ \  |   /   | |   | _|  | |) |
   |_|   |___| |___/   |_|     |___/   |_|   /_/ \_\ |_|_\   |_|   |___| |___/ 

Registration succes(student-registration-form;registration-succes)
--------------------------------------------------------------------------------
[Test worker] INFO  - 
  _____   ___   ___   _____     ___   ___   _  _   ___    ___   _  _    ___ 
 |_   _| | __| / __| |_   _|   | _ \ | __| | \| | |   \  |_ _| | \| |  / __|
   | |   | _|  \__ \   | |     |  _/ | _|  | .` | | |) |  | |  | .` | | (_ |
   |_|   |___| |___/   |_|     |_|   |___| |_|\_| |___/  |___| |_|\_|  \___|

Registration succes
-----------------------------------------------------------------------------
]]></system-err>
</testsuite>
