<?xml version="1.0" encoding="UTF-8"?>
<testsuite name="co.com.demoqa.runners.DemoQaRegistrationRunner" tests="0" skipped="0" failures="0" errors="0" timestamp="1970-01-01T00:00:00" hostname="QV-3554" time="0.0">
  <properties/>
  <system-out><![CDATA[
?[33mUndefined scenarios:?[0m
file:///C:/Users/QVUser/Documents/Projects/demo%20QA/demo-QA/src/test/resources/features/DemoQa_Student_Registration.feature:4 # Registration succes

1 Scenarios (?[33m1 undefined?[0m)
3 Steps (?[36m2 skipped?[0m, ?[33m1 undefined?[0m)
0m0,854s


You can implement missing steps with the snippets below:

@Given("I want to get an account in demo qa")
public void iWantToGetAnAccountInDemoQa() {
    // Write code here that turns the phrase above into concrete actions
    throw new io.cucumber.java.PendingException();
}

@When("i type my personal information")
public void iTypeMyPersonalInformation() {
    // Write code here that turns the phrase above into concrete actions
    throw new io.cucumber.java.PendingException();
}

@Then("i should get an account")
public void iShouldGetAnAccount() {
    // Write code here that turns the phrase above into concrete actions
    throw new io.cucumber.java.PendingException();
}


]]></system-out>
  <system-err><![CDATA[[Test worker] INFO io.cucumber.core.plugin.SerenityReporter - Running feature from file:///C:/Users/QVUser/Documents/Projects/demo%20QA/demo-QA/src/test/resources/features/DemoQa_Student_Registration.feature
[Test worker] INFO  - 

-------------------------------------------------------------------------------------
     _______. _______ .______       _______ .__   __.  __  .___________.____    ____ 
    /       ||   ____||   _  \     |   ____||  \ |  | |  | |           |\   \  /   / 
   |   (----`|  |__   |  |_)  |    |  |__   |   \|  | |  | `---|  |----` \   \/   /  
    \   \    |   __|  |      /     |   __|  |  . `  | |  |     |  |       \_    _/   
.----)   |   |  |____ |  |\  \----.|  |____ |  |\   | |  |     |  |         |  |     
|_______/    |_______|| _| `._____||_______||__| \__| |__|     |__|         |__|    
                                                                                     
 News and tutorials at http://www.serenity-bdd.info                                  
 Documentation at https://wakaleo.gitbooks.io/the-serenity-book/content/             
 Join the Serenity Community on Gitter: https://gitter.im/serenity-bdd/serenity-core 
 Serenity BDD Support and Training at http://serenity-bdd.info/#/trainingandsupport  
-------------------------------------------------------------------------------------

[Test worker] INFO  - Test Suite Started: Student registration form
[pool-1-thread-1] INFO net.thucydides.core.reports.ReportService - net.thucydides.core.reports.json.JSONTestOutcomeReporter@4e93dcb9: Generating report for test outcome: Student registration form:Registration succes
[pool-2-thread-1] INFO net.thucydides.core.reports.ReportService - net.thucydides.core.reports.html.HtmlAcceptanceTestReporter@790a251b: Generating report for test outcome: Student registration form:Registration succes
[Test worker] INFO io.cucumber.core.plugin.SerenityReporter - Cleanup test resources for URI file:///C:/Users/QVUser/Documents/Projects/demo%20QA/demo-QA/src/test/resources/features/DemoQa_Student_Registration.feature
]]></system-err>
</testsuite>
